<?xml version="1.0" encoding="UTF-8"?>
<!-- Generated by org.testng.reporters.JUnitReportReporter -->
<testsuite skipped="0" hostname="YY012842" name="mars.Demo" tests="1" failures="0" timestamp="21 Aug 2017 13:41:44 GMT" time="0.010" errors="0">
  <testcase name="test" time="0.010" classname="mars.Demo"/>
</testsuite> <!-- mars.Demo -->
